<?xml version="1.0" encoding="UTF-8"?>
<!-- Generated by org.testng.reporters.JUnitReportReporter -->
<testsuite hostname="sarah-PC" name="EMIassinment.NewTest" tests="2" failures="0" timestamp="25 May 2017 09:14:17 GMT" time="0.004" errors="0">
  <testcase name="f" time="0.003" classname="EMIassinment.NewTest"/>
  <testcase name="f" time="0.001" classname="EMIassinment.NewTest"/>
</testsuite> <!-- EMIassinment.NewTest -->
