<?xml version="1.0" encoding="UTF-8"?>
<!-- Generated by org.testng.reporters.JUnitReportReporter -->
<testsuite hostname="sarah-PC" name="EMIassinment.testassignment" tests="5" failures="0" timestamp="26 May 2017 05:47:51 GMT" time="0.034" errors="0">
  <testcase name="sum" time="0.004" classname="EMIassinment.testassignment"/>
  <testcase name="sum" time="0.021" classname="EMIassinment.testassignment"/>
  <testcase name="sum" time="0.002" classname="EMIassinment.testassignment"/>
  <testcase name="sum" time="0.005" classname="EMIassinment.testassignment"/>
  <testcase name="sum" time="0.002" classname="EMIassinment.testassignment"/>
</testsuite> <!-- EMIassinment.testassignment -->
