<?xml version="1.0" encoding="UTF-8"?>
<!-- Generated by org.testng.reporters.JUnitReportReporter -->
<testsuite hostname="sarah-PC" name="EMIassinment.Beforeafter" tests="3" failures="0" timestamp="25 May 2017 10:02:59 GMT" time="0.016" errors="0">
  <testcase name="f3" time="0.004" classname="EMIassinment.Beforeafter"/>
  <testcase name="f1" time="0.008" classname="EMIassinment.Beforeafter"/>
  <testcase name="f2" time="0.004" classname="EMIassinment.Beforeafter"/>
</testsuite> <!-- EMIassinment.Beforeafter -->
